<?xml version="1.0" encoding="UTF-8"?>
<!-- Generated by org.testng.reporters.JUnitReportReporter -->
<testsuite skipped="0" hostname="shivprsi-w10" name="com.sample.test.demo.tests.DemoTest" tests="6" failures="0" timestamp="25 Apr 2021 09:44:01 GMT" time="13.074" errors="0">
  <testcase name="testOrderCreation" time="1.399" classname="com.sample.test.demo.tests.DemoTest"/>
  <testcase name="testOrderCreation" time="1.763" classname="com.sample.test.demo.tests.DemoTest"/>
  <testcase name="testOrderCreation" time="1.310" classname="com.sample.test.demo.tests.DemoTest"/>
  <testcase name="testOrderCreation" time="2.300" classname="com.sample.test.demo.tests.DemoTest"/>
  <testcase name="testOrderCreation" time="2.532" classname="com.sample.test.demo.tests.DemoTest"/>
  <testcase name="testMandatoryFieldErrorMessage" time="3.770" classname="com.sample.test.demo.tests.DemoTest"/>
</testsuite> <!-- com.sample.test.demo.tests.DemoTest -->
