<?xml version="1.0" encoding="UTF-8"?>
<!-- Generated by org.testng.reporters.JUnitReportReporter -->
<testsuite skipped="0" hostname="shivprsi-w10" name="com.sample.test.demo.tests.DemoTest" tests="6" failures="0" timestamp="25 Apr 2021 14:10:32 GMT" time="8.433" errors="0">
  <testcase name="testOrderCreation" time="0.876" classname="com.sample.test.demo.tests.DemoTest"/>
  <testcase name="testOrderCreation" time="0.842" classname="com.sample.test.demo.tests.DemoTest"/>
  <testcase name="testOrderCreation" time="1.016" classname="com.sample.test.demo.tests.DemoTest"/>
  <testcase name="testOrderCreation" time="1.151" classname="com.sample.test.demo.tests.DemoTest"/>
  <testcase name="testOrderCreation" time="1.135" classname="com.sample.test.demo.tests.DemoTest"/>
  <testcase name="testMandatoryFieldErrorMessage" time="3.413" classname="com.sample.test.demo.tests.DemoTest"/>
</testsuite> <!-- com.sample.test.demo.tests.DemoTest -->
